{"/Users/sunjuhwang/Hack Reactor/fec2/rfe-2207-fec2-integrally-illuminatos/client/src/assets/stylesOverview.css": {"path":"/Users/sunjuhwang/Hack Reactor/fec2/rfe-2207-fec2-integrally-illuminatos/client/src/assets/stylesOverview.css","statementMap":{},"fnMap":{},"branchMap":{},"s":{},"f":{},"b":{},"inputSourceMap":null,"_coverageSchema":"1a1c01bbd47fc00a2c39e90264f33305004495a9","hash":"bc6512b4c0c0dee687597ce6206e159fa69c1850"}
,"/Users/sunjuhwang/Hack Reactor/fec2/rfe-2207-fec2-integrally-illuminatos/client/src/components/App.jsx": {"path":"/Users/sunjuhwang/Hack Reactor/fec2/rfe-2207-fec2-integrally-illuminatos/client/src/components/App.jsx","statementMap":{"0":{"start":{"line":6,"column":12},"end":{"line":14,"column":1}},"1":{"start":{"line":8,"column":2},"end":{"line":13,"column":4}}},"fnMap":{"0":{"name":"(anonymous_0)","decl":{"start":{"line":6,"column":12},"end":{"line":6,"column":13}},"loc":{"start":{"line":6,"column":18},"end":{"line":14,"column":1}},"line":6}},"branchMap":{},"s":{"0":1,"1":1},"f":{"0":1},"b":{},"_coverageSchema":"1a1c01bbd47fc00a2c39e90264f33305004495a9","hash":"ed1a4a6476870c4d62714d63658274f309b7bf1a"}
,"/Users/sunjuhwang/Hack Reactor/fec2/rfe-2207-fec2-integrally-illuminatos/client/src/components/overview/Overview.jsx": {"path":"/Users/sunjuhwang/Hack Reactor/fec2/rfe-2207-fec2-integrally-illuminatos/client/src/components/overview/Overview.jsx","statementMap":{"0":{"start":{"line":11,"column":17},"end":{"line":71,"column":1}},"1":{"start":{"line":12,"column":32},"end":{"line":12,"column":44}},"2":{"start":{"line":13,"column":28},"end":{"line":13,"column":40}},"3":{"start":{"line":14,"column":30},"end":{"line":14,"column":42}},"4":{"start":{"line":15,"column":32},"end":{"line":15,"column":46}},"5":{"start":{"line":18,"column":2},"end":{"line":23,"column":5}},"6":{"start":{"line":19,"column":4},"end":{"line":22,"column":9}},"7":{"start":{"line":21,"column":8},"end":{"line":21,"column":26}},"8":{"start":{"line":25,"column":2},"end":{"line":35,"column":8}},"9":{"start":{"line":26,"column":4},"end":{"line":34,"column":9}},"10":{"start":{"line":28,"column":8},"end":{"line":28,"column":30}},"11":{"start":{"line":29,"column":8},"end":{"line":29,"column":38}},"12":{"start":{"line":30,"column":8},"end":{"line":30,"column":36}},"13":{"start":{"line":33,"column":8},"end":{"line":33,"column":25}},"14":{"start":{"line":37,"column":2},"end":{"line":39,"column":15}},"15":{"start":{"line":38,"column":4},"end":{"line":38,"column":32}},"16":{"start":{"line":41,"column":28},"end":{"line":43,"column":3}},"17":{"start":{"line":42,"column":4},"end":{"line":42,"column":23}},"18":{"start":{"line":46,"column":2},"end":{"line":69,"column":4}}},"fnMap":{"0":{"name":"(anonymous_0)","decl":{"start":{"line":11,"column":17},"end":{"line":11,"column":18}},"loc":{"start":{"line":11,"column":28},"end":{"line":71,"column":1}},"line":11},"1":{"name":"(anonymous_1)","decl":{"start":{"line":18,"column":12},"end":{"line":18,"column":13}},"loc":{"start":{"line":18,"column":18},"end":{"line":23,"column":3}},"line":18},"2":{"name":"(anonymous_2)","decl":{"start":{"line":20,"column":12},"end":{"line":20,"column":13}},"loc":{"start":{"line":20,"column":18},"end":{"line":22,"column":7}},"line":20},"3":{"name":"(anonymous_3)","decl":{"start":{"line":25,"column":12},"end":{"line":25,"column":13}},"loc":{"start":{"line":25,"column":18},"end":{"line":35,"column":3}},"line":25},"4":{"name":"(anonymous_4)","decl":{"start":{"line":27,"column":12},"end":{"line":27,"column":13}},"loc":{"start":{"line":27,"column":22},"end":{"line":31,"column":7}},"line":27},"5":{"name":"(anonymous_5)","decl":{"start":{"line":32,"column":13},"end":{"line":32,"column":14}},"loc":{"start":{"line":32,"column":22},"end":{"line":34,"column":7}},"line":32},"6":{"name":"(anonymous_6)","decl":{"start":{"line":37,"column":12},"end":{"line":37,"column":13}},"loc":{"start":{"line":37,"column":18},"end":{"line":39,"column":3}},"line":37},"7":{"name":"(anonymous_7)","decl":{"start":{"line":41,"column":28},"end":{"line":41,"column":29}},"loc":{"start":{"line":41,"column":42},"end":{"line":43,"column":3}},"line":41}},"branchMap":{"0":{"loc":{"start":{"line":47,"column":4},"end":{"line":68,"column":5}},"type":"cond-expr","locations":[{"start":{"line":49,"column":6},"end":{"line":51,"column":12}},{"start":{"line":54,"column":4},"end":{"line":67,"column":10}}],"line":47}},"s":{"0":1,"1":3,"2":3,"3":3,"4":3,"5":3,"6":2,"7":1,"8":3,"9":1,"10":1,"11":1,"12":1,"13":0,"14":3,"15":2,"16":3,"17":0,"18":3},"f":{"0":3,"1":2,"2":1,"3":1,"4":1,"5":0,"6":2,"7":0},"b":{"0":[2,1]},"_coverageSchema":"1a1c01bbd47fc00a2c39e90264f33305004495a9","hash":"75ce1c21065db4a9f1147991a71366ebc24a602b"}
,"/Users/sunjuhwang/Hack Reactor/fec2/rfe-2207-fec2-integrally-illuminatos/client/src/components/overview/mainCarousel.jsx": {"path":"/Users/sunjuhwang/Hack Reactor/fec2/rfe-2207-fec2-integrally-illuminatos/client/src/components/overview/mainCarousel.jsx","statementMap":{"0":{"start":{"line":7,"column":21},"end":{"line":36,"column":1}},"1":{"start":{"line":8,"column":32},"end":{"line":8,"column":55}},"2":{"start":{"line":9,"column":28},"end":{"line":9,"column":49}},"3":{"start":{"line":11,"column":2},"end":{"line":14,"column":14}},"4":{"start":{"line":12,"column":4},"end":{"line":12,"column":30}},"5":{"start":{"line":13,"column":4},"end":{"line":13,"column":26}},"6":{"start":{"line":16,"column":17},"end":{"line":29,"column":3}},"7":{"start":{"line":31,"column":2},"end":{"line":35,"column":3}}},"fnMap":{"0":{"name":"(anonymous_0)","decl":{"start":{"line":7,"column":21},"end":{"line":7,"column":22}},"loc":{"start":{"line":7,"column":32},"end":{"line":36,"column":1}},"line":7},"1":{"name":"(anonymous_1)","decl":{"start":{"line":11,"column":12},"end":{"line":11,"column":13}},"loc":{"start":{"line":11,"column":18},"end":{"line":14,"column":3}},"line":11}},"branchMap":{},"s":{"0":1,"1":1,"2":1,"3":1,"4":0,"5":0,"6":1,"7":1},"f":{"0":1,"1":0},"b":{},"_coverageSchema":"1a1c01bbd47fc00a2c39e90264f33305004495a9","hash":"d0a9b583b5795480ad7b8964b25cf346aa0faacc"}
,"/Users/sunjuhwang/Hack Reactor/fec2/rfe-2207-fec2-integrally-illuminatos/client/src/components/overview/metaInfo.jsx": {"path":"/Users/sunjuhwang/Hack Reactor/fec2/rfe-2207-fec2-integrally-illuminatos/client/src/components/overview/metaInfo.jsx","statementMap":{"0":{"start":{"line":6,"column":17},"end":{"line":27,"column":1}},"1":{"start":{"line":7,"column":2},"end":{"line":26,"column":4}}},"fnMap":{"0":{"name":"(anonymous_0)","decl":{"start":{"line":6,"column":17},"end":{"line":6,"column":18}},"loc":{"start":{"line":6,"column":28},"end":{"line":27,"column":1}},"line":6}},"branchMap":{},"s":{"0":1,"1":1},"f":{"0":1},"b":{},"_coverageSchema":"1a1c01bbd47fc00a2c39e90264f33305004495a9","hash":"6c4288d818551450f93ac5901bfa86b203ea5d94"}
,"/Users/sunjuhwang/Hack Reactor/fec2/rfe-2207-fec2-integrally-illuminatos/client/src/components/overview/price.jsx": {"path":"/Users/sunjuhwang/Hack Reactor/fec2/rfe-2207-fec2-integrally-illuminatos/client/src/components/overview/price.jsx","statementMap":{"0":{"start":{"line":4,"column":14},"end":{"line":24,"column":1}},"1":{"start":{"line":5,"column":28},"end":{"line":5,"column":43}},"2":{"start":{"line":7,"column":2},"end":{"line":9,"column":14}},"3":{"start":{"line":8,"column":4},"end":{"line":8,"column":20}},"4":{"start":{"line":11,"column":2},"end":{"line":23,"column":3}},"5":{"start":{"line":12,"column":4},"end":{"line":16,"column":5}},"6":{"start":{"line":18,"column":4},"end":{"line":22,"column":5}}},"fnMap":{"0":{"name":"(anonymous_0)","decl":{"start":{"line":4,"column":14},"end":{"line":4,"column":15}},"loc":{"start":{"line":4,"column":25},"end":{"line":24,"column":1}},"line":4},"1":{"name":"(anonymous_1)","decl":{"start":{"line":7,"column":12},"end":{"line":7,"column":13}},"loc":{"start":{"line":7,"column":18},"end":{"line":9,"column":3}},"line":7}},"branchMap":{"0":{"loc":{"start":{"line":11,"column":2},"end":{"line":23,"column":3}},"type":"if","locations":[{"start":{"line":11,"column":2},"end":{"line":23,"column":3}},{"start":{"line":17,"column":9},"end":{"line":23,"column":3}}],"line":11},"1":{"loc":{"start":{"line":11,"column":6},"end":{"line":11,"column":65}},"type":"binary-expr","locations":[{"start":{"line":11,"column":6},"end":{"line":11,"column":31}},{"start":{"line":11,"column":35},"end":{"line":11,"column":65}}],"line":11}},"s":{"0":1,"1":1,"2":1,"3":0,"4":1,"5":1,"6":0},"f":{"0":1,"1":0},"b":{"0":[1,0],"1":[1,0]},"_coverageSchema":"1a1c01bbd47fc00a2c39e90264f33305004495a9","hash":"5e94bcd30dc9abd699766da59d4b271706139274"}
,"/Users/sunjuhwang/Hack Reactor/fec2/rfe-2207-fec2-integrally-illuminatos/client/src/components/overview/productInfo.jsx": {"path":"/Users/sunjuhwang/Hack Reactor/fec2/rfe-2207-fec2-integrally-illuminatos/client/src/components/overview/productInfo.jsx","statementMap":{"0":{"start":{"line":12,"column":20},"end":{"line":41,"column":1}},"1":{"start":{"line":13,"column":32},"end":{"line":13,"column":55}},"2":{"start":{"line":14,"column":28},"end":{"line":14,"column":49}},"3":{"start":{"line":15,"column":30},"end":{"line":15,"column":52}},"4":{"start":{"line":17,"column":2},"end":{"line":21,"column":14}},"5":{"start":{"line":18,"column":4},"end":{"line":18,"column":30}},"6":{"start":{"line":19,"column":4},"end":{"line":19,"column":26}},"7":{"start":{"line":20,"column":4},"end":{"line":20,"column":28}},"8":{"start":{"line":26,"column":2},"end":{"line":40,"column":3}}},"fnMap":{"0":{"name":"(anonymous_0)","decl":{"start":{"line":12,"column":20},"end":{"line":12,"column":21}},"loc":{"start":{"line":12,"column":31},"end":{"line":41,"column":1}},"line":12},"1":{"name":"(anonymous_1)","decl":{"start":{"line":17,"column":12},"end":{"line":17,"column":13}},"loc":{"start":{"line":17,"column":18},"end":{"line":21,"column":3}},"line":17}},"branchMap":{},"s":{"0":1,"1":1,"2":1,"3":1,"4":1,"5":0,"6":0,"7":0,"8":1},"f":{"0":1,"1":0},"b":{},"_coverageSchema":"1a1c01bbd47fc00a2c39e90264f33305004495a9","hash":"beb2cffadba306a63e57acb31ccd8f64abca96f9"}
,"/Users/sunjuhwang/Hack Reactor/fec2/rfe-2207-fec2-integrally-illuminatos/client/src/components/overview/productOverview.jsx": {"path":"/Users/sunjuhwang/Hack Reactor/fec2/rfe-2207-fec2-integrally-illuminatos/client/src/components/overview/productOverview.jsx","statementMap":{"0":{"start":{"line":4,"column":24},"end":{"line":31,"column":1}},"1":{"start":{"line":5,"column":30},"end":{"line":5,"column":53}},"2":{"start":{"line":7,"column":2},"end":{"line":9,"column":14}},"3":{"start":{"line":8,"column":4},"end":{"line":8,"column":28}},"4":{"start":{"line":11,"column":2},"end":{"line":30,"column":3}},"5":{"start":{"line":12,"column":4},"end":{"line":21,"column":5}},"6":{"start":{"line":23,"column":4},"end":{"line":29,"column":5}}},"fnMap":{"0":{"name":"(anonymous_0)","decl":{"start":{"line":4,"column":24},"end":{"line":4,"column":25}},"loc":{"start":{"line":4,"column":35},"end":{"line":31,"column":1}},"line":4},"1":{"name":"(anonymous_1)","decl":{"start":{"line":7,"column":12},"end":{"line":7,"column":13}},"loc":{"start":{"line":7,"column":18},"end":{"line":9,"column":3}},"line":7}},"branchMap":{"0":{"loc":{"start":{"line":11,"column":2},"end":{"line":30,"column":3}},"type":"if","locations":[{"start":{"line":11,"column":2},"end":{"line":30,"column":3}},{"start":{"line":22,"column":9},"end":{"line":30,"column":3}}],"line":11}},"s":{"0":1,"1":1,"2":1,"3":0,"4":1,"5":1,"6":0},"f":{"0":1,"1":0},"b":{"0":[1,0]},"_coverageSchema":"1a1c01bbd47fc00a2c39e90264f33305004495a9","hash":"e6e9330591821def55de050005610dc2b5934d94"}
,"/Users/sunjuhwang/Hack Reactor/fec2/rfe-2207-fec2-integrally-illuminatos/client/src/components/overview/quantitySelector.jsx": {"path":"/Users/sunjuhwang/Hack Reactor/fec2/rfe-2207-fec2-integrally-illuminatos/client/src/components/overview/quantitySelector.jsx","statementMap":{"0":{"start":{"line":6,"column":25},"end":{"line":79,"column":1}},"1":{"start":{"line":7,"column":34},"end":{"line":7,"column":65}},"2":{"start":{"line":8,"column":42},"end":{"line":8,"column":70}},"3":{"start":{"line":9,"column":34},"end":{"line":9,"column":58}},"4":{"start":{"line":10,"column":48},"end":{"line":10,"column":59}},"5":{"start":{"line":11,"column":32},"end":{"line":23,"column":4}},"6":{"start":{"line":12,"column":20},"end":{"line":12,"column":22}},"7":{"start":{"line":13,"column":4},"end":{"line":21,"column":5}},"8":{"start":{"line":14,"column":6},"end":{"line":16,"column":7}},"9":{"start":{"line":14,"column":19},"end":{"line":14,"column":20}},"10":{"start":{"line":15,"column":8},"end":{"line":15,"column":26}},"11":{"start":{"line":18,"column":6},"end":{"line":20,"column":7}},"12":{"start":{"line":18,"column":19},"end":{"line":18,"column":20}},"13":{"start":{"line":19,"column":8},"end":{"line":19,"column":26}},"14":{"start":{"line":22,"column":4},"end":{"line":22,"column":21}},"15":{"start":{"line":25,"column":2},"end":{"line":42,"column":14}},"16":{"start":{"line":26,"column":4},"end":{"line":26,"column":38}},"17":{"start":{"line":27,"column":4},"end":{"line":27,"column":40}},"18":{"start":{"line":28,"column":4},"end":{"line":28,"column":32}},"19":{"start":{"line":29,"column":4},"end":{"line":41,"column":6}},"20":{"start":{"line":30,"column":22},"end":{"line":30,"column":24}},"21":{"start":{"line":31,"column":6},"end":{"line":39,"column":7}},"22":{"start":{"line":32,"column":8},"end":{"line":34,"column":9}},"23":{"start":{"line":32,"column":21},"end":{"line":32,"column":22}},"24":{"start":{"line":33,"column":10},"end":{"line":33,"column":28}},"25":{"start":{"line":36,"column":8},"end":{"line":38,"column":9}},"26":{"start":{"line":36,"column":21},"end":{"line":36,"column":22}},"27":{"start":{"line":37,"column":10},"end":{"line":37,"column":28}},"28":{"start":{"line":40,"column":6},"end":{"line":40,"column":23}},"29":{"start":{"line":44,"column":25},"end":{"line":46,"column":3}},"30":{"start":{"line":45,"column":4},"end":{"line":45,"column":39}},"31":{"start":{"line":48,"column":2},"end":{"line":52,"column":20}},"32":{"start":{"line":49,"column":4},"end":{"line":51,"column":5}},"33":{"start":{"line":50,"column":6},"end":{"line":50,"column":28}},"34":{"start":{"line":55,"column":2},"end":{"line":78,"column":3}},"35":{"start":{"line":56,"column":4},"end":{"line":64,"column":6}},"36":{"start":{"line":66,"column":6},"end":{"line":77,"column":6}},"37":{"start":{"line":69,"column":58},"end":{"line":69,"column":75}},"38":{"start":{"line":72,"column":12},"end":{"line":72,"column":69}}},"fnMap":{"0":{"name":"(anonymous_0)","decl":{"start":{"line":6,"column":25},"end":{"line":6,"column":26}},"loc":{"start":{"line":6,"column":36},"end":{"line":79,"column":1}},"line":6},"1":{"name":"(anonymous_1)","decl":{"start":{"line":11,"column":41},"end":{"line":11,"column":42}},"loc":{"start":{"line":11,"column":47},"end":{"line":23,"column":3}},"line":11},"2":{"name":"(anonymous_2)","decl":{"start":{"line":25,"column":12},"end":{"line":25,"column":13}},"loc":{"start":{"line":25,"column":18},"end":{"line":42,"column":3}},"line":25},"3":{"name":"(anonymous_3)","decl":{"start":{"line":29,"column":15},"end":{"line":29,"column":16}},"loc":{"start":{"line":29,"column":21},"end":{"line":41,"column":5}},"line":29},"4":{"name":"(anonymous_4)","decl":{"start":{"line":44,"column":25},"end":{"line":44,"column":26}},"loc":{"start":{"line":44,"column":32},"end":{"line":46,"column":3}},"line":44},"5":{"name":"(anonymous_5)","decl":{"start":{"line":48,"column":12},"end":{"line":48,"column":13}},"loc":{"start":{"line":48,"column":18},"end":{"line":52,"column":3}},"line":48},"6":{"name":"(anonymous_6)","decl":{"start":{"line":69,"column":50},"end":{"line":69,"column":51}},"loc":{"start":{"line":69,"column":57},"end":{"line":69,"column":76}},"line":69},"7":{"name":"(anonymous_7)","decl":{"start":{"line":71,"column":26},"end":{"line":71,"column":27}},"loc":{"start":{"line":71,"column":43},"end":{"line":73,"column":11}},"line":71}},"branchMap":{"0":{"loc":{"start":{"line":13,"column":4},"end":{"line":21,"column":5}},"type":"if","locations":[{"start":{"line":13,"column":4},"end":{"line":21,"column":5}},{"start":{"line":17,"column":11},"end":{"line":21,"column":5}}],"line":13},"1":{"loc":{"start":{"line":31,"column":6},"end":{"line":39,"column":7}},"type":"if","locations":[{"start":{"line":31,"column":6},"end":{"line":39,"column":7}},{"start":{"line":35,"column":13},"end":{"line":39,"column":7}}],"line":31},"2":{"loc":{"start":{"line":49,"column":4},"end":{"line":51,"column":5}},"type":"if","locations":[{"start":{"line":49,"column":4},"end":{"line":51,"column":5}},{"start":{},"end":{}}],"line":49},"3":{"loc":{"start":{"line":55,"column":2},"end":{"line":78,"column":3}},"type":"if","locations":[{"start":{"line":55,"column":2},"end":{"line":78,"column":3}},{"start":{"line":65,"column":9},"end":{"line":78,"column":3}}],"line":55}},"s":{"0":1,"1":1,"2":1,"3":1,"4":1,"5":1,"6":1,"7":1,"8":1,"9":1,"10":15,"11":0,"12":0,"13":0,"14":1,"15":1,"16":0,"17":0,"18":0,"19":0,"20":0,"21":0,"22":0,"23":0,"24":0,"25":0,"26":0,"27":0,"28":0,"29":1,"30":0,"31":1,"32":0,"33":0,"34":1,"35":1,"36":0,"37":0,"38":0},"f":{"0":1,"1":1,"2":0,"3":0,"4":0,"5":0,"6":0,"7":0},"b":{"0":[1,0],"1":[0,0],"2":[0,0],"3":[1,0]},"_coverageSchema":"1a1c01bbd47fc00a2c39e90264f33305004495a9","hash":"f4bb8c9e70a7615f16781670c950fdc838ee72fd"}
,"/Users/sunjuhwang/Hack Reactor/fec2/rfe-2207-fec2-integrally-illuminatos/client/src/components/overview/sizeOption.jsx": {"path":"/Users/sunjuhwang/Hack Reactor/fec2/rfe-2207-fec2-integrally-illuminatos/client/src/components/overview/sizeOption.jsx","statementMap":{"0":{"start":{"line":4,"column":19},"end":{"line":23,"column":1}},"1":{"start":{"line":5,"column":26},"end":{"line":5,"column":46}},"2":{"start":{"line":6,"column":34},"end":{"line":6,"column":58}},"3":{"start":{"line":8,"column":2},"end":{"line":11,"column":14}},"4":{"start":{"line":9,"column":4},"end":{"line":9,"column":24}},"5":{"start":{"line":10,"column":4},"end":{"line":10,"column":32}},"6":{"start":{"line":14,"column":2},"end":{"line":22,"column":3}},"7":{"start":{"line":15,"column":4},"end":{"line":17,"column":8}},"8":{"start":{"line":19,"column":4},"end":{"line":21,"column":8}}},"fnMap":{"0":{"name":"(anonymous_0)","decl":{"start":{"line":4,"column":19},"end":{"line":4,"column":20}},"loc":{"start":{"line":4,"column":30},"end":{"line":23,"column":1}},"line":4},"1":{"name":"(anonymous_1)","decl":{"start":{"line":8,"column":12},"end":{"line":8,"column":13}},"loc":{"start":{"line":8,"column":18},"end":{"line":11,"column":3}},"line":8}},"branchMap":{"0":{"loc":{"start":{"line":14,"column":2},"end":{"line":22,"column":3}},"type":"if","locations":[{"start":{"line":14,"column":2},"end":{"line":22,"column":3}},{"start":{"line":18,"column":9},"end":{"line":22,"column":3}}],"line":14}},"s":{"0":1,"1":11,"2":11,"3":11,"4":0,"5":0,"6":11,"7":11,"8":0},"f":{"0":11,"1":0},"b":{"0":[11,0]},"_coverageSchema":"1a1c01bbd47fc00a2c39e90264f33305004495a9","hash":"aac4dc814ae7af083f42d9c46c819d1ebd6ef77b"}
,"/Users/sunjuhwang/Hack Reactor/fec2/rfe-2207-fec2-integrally-illuminatos/client/src/components/overview/sizeSelector.jsx": {"path":"/Users/sunjuhwang/Hack Reactor/fec2/rfe-2207-fec2-integrally-illuminatos/client/src/components/overview/sizeSelector.jsx","statementMap":{"0":{"start":{"line":8,"column":21},"end":{"line":57,"column":1}},"1":{"start":{"line":9,"column":32},"end":{"line":9,"column":55}},"2":{"start":{"line":10,"column":28},"end":{"line":10,"column":49}},"3":{"start":{"line":11,"column":34},"end":{"line":11,"column":53}},"4":{"start":{"line":12,"column":52},"end":{"line":12,"column":67}},"5":{"start":{"line":13,"column":34},"end":{"line":13,"column":46}},"6":{"start":{"line":15,"column":2},"end":{"line":18,"column":14}},"7":{"start":{"line":16,"column":4},"end":{"line":16,"column":30}},"8":{"start":{"line":17,"column":4},"end":{"line":17,"column":26}},"9":{"start":{"line":21,"column":2},"end":{"line":26,"column":21}},"10":{"start":{"line":22,"column":4},"end":{"line":25,"column":5}},"11":{"start":{"line":23,"column":6},"end":{"line":23,"column":35}},"12":{"start":{"line":24,"column":6},"end":{"line":24,"column":74}},"13":{"start":{"line":28,"column":23},"end":{"line":30,"column":3}},"14":{"start":{"line":29,"column":4},"end":{"line":29,"column":28}},"15":{"start":{"line":32,"column":2},"end":{"line":56,"column":3}},"16":{"start":{"line":33,"column":4},"end":{"line":45,"column":4}},"17":{"start":{"line":36,"column":60},"end":{"line":36,"column":76}},"18":{"start":{"line":39,"column":10},"end":{"line":39,"column":88}},"19":{"start":{"line":47,"column":4},"end":{"line":55,"column":4}}},"fnMap":{"0":{"name":"(anonymous_0)","decl":{"start":{"line":8,"column":21},"end":{"line":8,"column":22}},"loc":{"start":{"line":8,"column":32},"end":{"line":57,"column":1}},"line":8},"1":{"name":"(anonymous_1)","decl":{"start":{"line":15,"column":12},"end":{"line":15,"column":13}},"loc":{"start":{"line":15,"column":18},"end":{"line":18,"column":3}},"line":15},"2":{"name":"(anonymous_2)","decl":{"start":{"line":21,"column":12},"end":{"line":21,"column":13}},"loc":{"start":{"line":21,"column":18},"end":{"line":26,"column":3}},"line":21},"3":{"name":"(anonymous_3)","decl":{"start":{"line":28,"column":23},"end":{"line":28,"column":24}},"loc":{"start":{"line":28,"column":30},"end":{"line":30,"column":3}},"line":28},"4":{"name":"(anonymous_4)","decl":{"start":{"line":36,"column":52},"end":{"line":36,"column":53}},"loc":{"start":{"line":36,"column":59},"end":{"line":36,"column":77}},"line":36},"5":{"name":"(anonymous_5)","decl":{"start":{"line":38,"column":27},"end":{"line":38,"column":28}},"loc":{"start":{"line":38,"column":45},"end":{"line":40,"column":9}},"line":38}},"branchMap":{"0":{"loc":{"start":{"line":22,"column":4},"end":{"line":25,"column":5}},"type":"if","locations":[{"start":{"line":22,"column":4},"end":{"line":25,"column":5}},{"start":{},"end":{}}],"line":22},"1":{"loc":{"start":{"line":32,"column":2},"end":{"line":56,"column":3}},"type":"if","locations":[{"start":{"line":32,"column":2},"end":{"line":56,"column":3}},{"start":{"line":46,"column":9},"end":{"line":56,"column":3}}],"line":32}},"s":{"0":1,"1":1,"2":1,"3":1,"4":1,"5":1,"6":1,"7":0,"8":0,"9":1,"10":0,"11":0,"12":0,"13":1,"14":0,"15":1,"16":1,"17":0,"18":11,"19":0},"f":{"0":1,"1":0,"2":0,"3":0,"4":0,"5":11},"b":{"0":[0,0],"1":[1,0]},"_coverageSchema":"1a1c01bbd47fc00a2c39e90264f33305004495a9","hash":"c77fc13db8220ec8c3164e0d820eea45c65de932"}
,"/Users/sunjuhwang/Hack Reactor/fec2/rfe-2207-fec2-integrally-illuminatos/client/src/components/overview/starRating.jsx": {"path":"/Users/sunjuhwang/Hack Reactor/fec2/rfe-2207-fec2-integrally-illuminatos/client/src/components/overview/starRating.jsx","statementMap":{"0":{"start":{"line":6,"column":19},"end":{"line":55,"column":1}},"1":{"start":{"line":7,"column":32},"end":{"line":7,"column":47}},"2":{"start":{"line":8,"column":30},"end":{"line":8,"column":41}},"3":{"start":{"line":10,"column":2},"end":{"line":32,"column":14}},"4":{"start":{"line":11,"column":4},"end":{"line":11,"column":22}},"5":{"start":{"line":12,"column":4},"end":{"line":31,"column":5}},"6":{"start":{"line":13,"column":25},"end":{"line":13,"column":26}},"7":{"start":{"line":14,"column":16},"end":{"line":14,"column":17}},"8":{"start":{"line":15,"column":6},"end":{"line":18,"column":7}},"9":{"start":{"line":16,"column":8},"end":{"line":16,"column":53}},"10":{"start":{"line":17,"column":8},"end":{"line":17,"column":62}},"11":{"start":{"line":19,"column":23},"end":{"line":19,"column":41}},"12":{"start":{"line":20,"column":23},"end":{"line":20,"column":45}},"13":{"start":{"line":21,"column":20},"end":{"line":21,"column":43}},"14":{"start":{"line":22,"column":6},"end":{"line":30,"column":7}},"15":{"start":{"line":23,"column":8},"end":{"line":23,"column":30}},"16":{"start":{"line":24,"column":13},"end":{"line":30,"column":7}},"17":{"start":{"line":25,"column":8},"end":{"line":25,"column":37}},"18":{"start":{"line":26,"column":13},"end":{"line":30,"column":7}},"19":{"start":{"line":27,"column":8},"end":{"line":27,"column":36}},"20":{"start":{"line":28,"column":13},"end":{"line":30,"column":7}},"21":{"start":{"line":29,"column":8},"end":{"line":29,"column":37}},"22":{"start":{"line":35,"column":2},"end":{"line":54,"column":5}},"23":{"start":{"line":36,"column":4},"end":{"line":38,"column":6}},"24":{"start":{"line":40,"column":6},"end":{"line":53,"column":10}}},"fnMap":{"0":{"name":"(anonymous_0)","decl":{"start":{"line":6,"column":19},"end":{"line":6,"column":20}},"loc":{"start":{"line":6,"column":30},"end":{"line":55,"column":1}},"line":6},"1":{"name":"(anonymous_1)","decl":{"start":{"line":10,"column":12},"end":{"line":10,"column":13}},"loc":{"start":{"line":10,"column":18},"end":{"line":32,"column":3}},"line":10}},"branchMap":{"0":{"loc":{"start":{"line":12,"column":4},"end":{"line":31,"column":5}},"type":"if","locations":[{"start":{"line":12,"column":4},"end":{"line":31,"column":5}},{"start":{},"end":{}}],"line":12},"1":{"loc":{"start":{"line":22,"column":6},"end":{"line":30,"column":7}},"type":"if","locations":[{"start":{"line":22,"column":6},"end":{"line":30,"column":7}},{"start":{"line":24,"column":13},"end":{"line":30,"column":7}}],"line":22},"2":{"loc":{"start":{"line":22,"column":10},"end":{"line":22,"column":40}},"type":"binary-expr","locations":[{"start":{"line":22,"column":10},"end":{"line":22,"column":22}},{"start":{"line":22,"column":26},"end":{"line":22,"column":40}}],"line":22},"3":{"loc":{"start":{"line":24,"column":13},"end":{"line":30,"column":7}},"type":"if","locations":[{"start":{"line":24,"column":13},"end":{"line":30,"column":7}},{"start":{"line":26,"column":13},"end":{"line":30,"column":7}}],"line":24},"4":{"loc":{"start":{"line":24,"column":17},"end":{"line":24,"column":49}},"type":"binary-expr","locations":[{"start":{"line":24,"column":17},"end":{"line":24,"column":32}},{"start":{"line":24,"column":36},"end":{"line":24,"column":49}}],"line":24},"5":{"loc":{"start":{"line":26,"column":13},"end":{"line":30,"column":7}},"type":"if","locations":[{"start":{"line":26,"column":13},"end":{"line":30,"column":7}},{"start":{"line":28,"column":13},"end":{"line":30,"column":7}}],"line":26},"6":{"loc":{"start":{"line":26,"column":17},"end":{"line":26,"column":49}},"type":"binary-expr","locations":[{"start":{"line":26,"column":17},"end":{"line":26,"column":31}},{"start":{"line":26,"column":35},"end":{"line":26,"column":49}}],"line":26},"7":{"loc":{"start":{"line":28,"column":13},"end":{"line":30,"column":7}},"type":"if","locations":[{"start":{"line":28,"column":13},"end":{"line":30,"column":7}},{"start":{},"end":{}}],"line":28},"8":{"loc":{"start":{"line":28,"column":17},"end":{"line":28,"column":47}},"type":"binary-expr","locations":[{"start":{"line":28,"column":17},"end":{"line":28,"column":32}},{"start":{"line":28,"column":36},"end":{"line":28,"column":47}}],"line":28},"9":{"loc":{"start":{"line":35,"column":2},"end":{"line":54,"column":5}},"type":"if","locations":[{"start":{"line":35,"column":2},"end":{"line":54,"column":5}},{"start":{"line":39,"column":11},"end":{"line":54,"column":5}}],"line":35}},"s":{"0":1,"1":1,"2":1,"3":1,"4":0,"5":0,"6":0,"7":0,"8":0,"9":0,"10":0,"11":0,"12":0,"13":0,"14":0,"15":0,"16":0,"17":0,"18":0,"19":0,"20":0,"21":0,"22":1,"23":1,"24":0},"f":{"0":1,"1":0},"b":{"0":[0,0],"1":[0,0],"2":[0,0],"3":[0,0],"4":[0,0],"5":[0,0],"6":[0,0],"7":[0,0],"8":[0,0],"9":[1,0]},"_coverageSchema":"1a1c01bbd47fc00a2c39e90264f33305004495a9","hash":"d706674f6e216bd1e29c88d627f310067e2c2c04"}
,"/Users/sunjuhwang/Hack Reactor/fec2/rfe-2207-fec2-integrally-illuminatos/client/src/components/overview/styleName.jsx": {"path":"/Users/sunjuhwang/Hack Reactor/fec2/rfe-2207-fec2-integrally-illuminatos/client/src/components/overview/styleName.jsx","statementMap":{"0":{"start":{"line":4,"column":18},"end":{"line":17,"column":1}},"1":{"start":{"line":5,"column":28},"end":{"line":5,"column":43}},"2":{"start":{"line":7,"column":2},"end":{"line":9,"column":14}},"3":{"start":{"line":8,"column":4},"end":{"line":8,"column":20}},"4":{"start":{"line":12,"column":4},"end":{"line":16,"column":6}}},"fnMap":{"0":{"name":"(anonymous_0)","decl":{"start":{"line":4,"column":18},"end":{"line":4,"column":19}},"loc":{"start":{"line":4,"column":29},"end":{"line":17,"column":1}},"line":4},"1":{"name":"(anonymous_1)","decl":{"start":{"line":7,"column":12},"end":{"line":7,"column":13}},"loc":{"start":{"line":7,"column":18},"end":{"line":9,"column":3}},"line":7}},"branchMap":{},"s":{"0":1,"1":1,"2":1,"3":0,"4":1},"f":{"0":1,"1":0},"b":{},"_coverageSchema":"1a1c01bbd47fc00a2c39e90264f33305004495a9","hash":"1ea796a36945380df364d53e9af7424ee4f96e35"}
,"/Users/sunjuhwang/Hack Reactor/fec2/rfe-2207-fec2-integrally-illuminatos/client/src/components/overview/styleThumbnail.jsx": {"path":"/Users/sunjuhwang/Hack Reactor/fec2/rfe-2207-fec2-integrally-illuminatos/client/src/components/overview/styleThumbnail.jsx","statementMap":{"0":{"start":{"line":6,"column":23},"end":{"line":27,"column":1}},"1":{"start":{"line":7,"column":28},"end":{"line":7,"column":56}},"2":{"start":{"line":8,"column":30},"end":{"line":8,"column":45}},"3":{"start":{"line":10,"column":2},"end":{"line":12,"column":14}},"4":{"start":{"line":11,"column":4},"end":{"line":11,"column":33}},"5":{"start":{"line":14,"column":22},"end":{"line":16,"column":3}},"6":{"start":{"line":15,"column":4},"end":{"line":15,"column":35}},"7":{"start":{"line":18,"column":2},"end":{"line":26,"column":3}},"8":{"start":{"line":19,"column":4},"end":{"line":21,"column":6}},"9":{"start":{"line":20,"column":32},"end":{"line":20,"column":46}},"10":{"start":{"line":23,"column":4},"end":{"line":25,"column":4}}},"fnMap":{"0":{"name":"(anonymous_0)","decl":{"start":{"line":6,"column":23},"end":{"line":6,"column":24}},"loc":{"start":{"line":6,"column":34},"end":{"line":27,"column":1}},"line":6},"1":{"name":"(anonymous_1)","decl":{"start":{"line":10,"column":12},"end":{"line":10,"column":13}},"loc":{"start":{"line":10,"column":18},"end":{"line":12,"column":3}},"line":10},"2":{"name":"(anonymous_2)","decl":{"start":{"line":14,"column":22},"end":{"line":14,"column":23}},"loc":{"start":{"line":14,"column":29},"end":{"line":16,"column":3}},"line":14},"3":{"name":"(anonymous_3)","decl":{"start":{"line":20,"column":24},"end":{"line":20,"column":25}},"loc":{"start":{"line":20,"column":31},"end":{"line":20,"column":47}},"line":20}},"branchMap":{"0":{"loc":{"start":{"line":18,"column":2},"end":{"line":26,"column":3}},"type":"if","locations":[{"start":{"line":18,"column":2},"end":{"line":26,"column":3}},{"start":{"line":22,"column":9},"end":{"line":26,"column":3}}],"line":18}},"s":{"0":1,"1":4,"2":4,"3":4,"4":0,"5":4,"6":0,"7":4,"8":4,"9":0,"10":0},"f":{"0":4,"1":0,"2":0,"3":0},"b":{"0":[4,0]},"_coverageSchema":"1a1c01bbd47fc00a2c39e90264f33305004495a9","hash":"def97a7536df0ebd2fc96c71cf0c9d85a41d9b69"}
,"/Users/sunjuhwang/Hack Reactor/fec2/rfe-2207-fec2-integrally-illuminatos/client/src/components/overview/thumbnailGallery.jsx": {"path":"/Users/sunjuhwang/Hack Reactor/fec2/rfe-2207-fec2-integrally-illuminatos/client/src/components/overview/thumbnailGallery.jsx","statementMap":{"0":{"start":{"line":5,"column":25},"end":{"line":22,"column":1}},"1":{"start":{"line":6,"column":30},"end":{"line":6,"column":52}},"2":{"start":{"line":7,"column":30},"end":{"line":7,"column":45}},"3":{"start":{"line":9,"column":2},"end":{"line":11,"column":14}},"4":{"start":{"line":10,"column":4},"end":{"line":10,"column":28}},"5":{"start":{"line":14,"column":2},"end":{"line":20,"column":8}},"6":{"start":{"line":17,"column":12},"end":{"line":17,"column":111}}},"fnMap":{"0":{"name":"(anonymous_0)","decl":{"start":{"line":5,"column":25},"end":{"line":5,"column":26}},"loc":{"start":{"line":5,"column":36},"end":{"line":22,"column":1}},"line":5},"1":{"name":"(anonymous_1)","decl":{"start":{"line":9,"column":12},"end":{"line":9,"column":13}},"loc":{"start":{"line":9,"column":18},"end":{"line":11,"column":3}},"line":9},"2":{"name":"(anonymous_2)","decl":{"start":{"line":16,"column":22},"end":{"line":16,"column":23}},"loc":{"start":{"line":17,"column":12},"end":{"line":17,"column":111}},"line":17}},"branchMap":{},"s":{"0":1,"1":1,"2":1,"3":1,"4":0,"5":1,"6":4},"f":{"0":1,"1":0,"2":4},"b":{},"_coverageSchema":"1a1c01bbd47fc00a2c39e90264f33305004495a9","hash":"a960d349d43abffa9de45ccdab583bd3693ddc93"}
}
